2025-05-14 02:39:07,490 - INFO - [31m[1mWARNING: This is a development server. Do not use it in a production deployment. Use a production WSGI server instead.[0m
 * Running on http://127.0.0.1:5000
2025-05-14 02:39:07,491 - INFO - [33mPress CTRL+C to quit[0m
2025-05-14 02:39:07,494 - INFO -  * Restarting with watchdog (windowsapi)
2025-05-14 02:39:08,453 - WARNING -  * Debugger is active!
2025-05-14 02:39:08,455 - INFO -  * Debugger PIN: 798-470-356
2025-05-14 02:39:18,887 - INFO - 127.0.0.1 - - [14/May/2025 02:39:18] "GET /api/encryption-algorithms HTTP/1.1" 200 -
2025-05-14 02:39:19,137 - INFO - 127.0.0.1 - - [14/May/2025 02:39:19] "GET /api/encryption-algorithms HTTP/1.1" 200 -
2025-05-14 02:39:27,059 - INFO - 127.0.0.1 - - [14/May/2025 02:39:27] "OPTIONS /api/monitor/start HTTP/1.1" 200 -
2025-05-14 02:39:27,376 - INFO - Started monitoring C:\Amrita\Project\Code-Security\backend\monitored_files
2025-05-14 02:39:27,377 - INFO - Monitoring started for C:\Amrita\Project\Code-Security\backend\monitored_files
2025-05-14 02:39:27,377 - INFO - 127.0.0.1 - - [14/May/2025 02:39:27] "POST /api/monitor/start HTTP/1.1" 200 -
2025-05-14 02:39:27,627 - INFO - 127.0.0.1 - - [14/May/2025 02:39:27] "GET /api/encryption-algorithms HTTP/1.1" 200 -
2025-05-14 02:39:29,920 - INFO - 127.0.0.1 - - [14/May/2025 02:39:29] "GET /api/monitor/results HTTP/1.1" 200 -
2025-05-14 02:39:32,240 - INFO - 127.0.0.1 - - [14/May/2025 02:39:32] "GET /api/monitor/results HTTP/1.1" 200 -
2025-05-14 02:39:33,921 - INFO - 127.0.0.1 - - [14/May/2025 02:39:33] "GET /api/monitor/results HTTP/1.1" 200 -
2025-05-14 02:39:36,236 - INFO - 127.0.0.1 - - [14/May/2025 02:39:36] "GET /api/monitor/results HTTP/1.1" 200 -
2025-05-14 02:39:37,394 - INFO - 127.0.0.1 - - [14/May/2025 02:39:37] "GET /api/monitor/results HTTP/1.1" 200 -
2025-05-14 02:39:38,692 - INFO - Stopped monitoring C:\Amrita\Project\Code-Security\backend\monitored_files
2025-05-14 02:39:38,692 - INFO - Monitoring stopped
2025-05-14 02:39:38,692 - INFO - 127.0.0.1 - - [14/May/2025 02:39:38] "POST /api/monitor/stop HTTP/1.1" 200 -
2025-05-14 02:39:38,936 - INFO - 127.0.0.1 - - [14/May/2025 02:39:38] "GET /api/encryption-algorithms HTTP/1.1" 200 -
2025-05-14 02:43:40,115 - INFO -  * Detected change in 'C:\\Amrita\\Project\\Code-Security\\backend\\analyzer\\scanner.py', reloading
2025-05-14 02:43:40,118 - INFO -  * Detected change in 'C:\\Users\\sneha\\AppData\\Local\\Programs\\Python\\Python313\\Lib\\site-packages\\watchdog\\observers\\__init__.py', reloading
2025-05-14 02:43:40,119 - INFO -  * Detected change in 'C:\\Users\\sneha\\AppData\\Local\\Programs\\Python\\Python313\\Lib\\site-packages\\watchdog\\events.py', reloading
2025-05-14 02:43:40,128 - INFO -  * Detected change in 'C:\\Users\\sneha\\AppData\\Local\\Programs\\Python\\Python313\\Lib\\site-packages\\watchdog\\observers\\api.py', reloading
2025-05-14 02:43:41,230 - INFO -  * Restarting with watchdog (windowsapi)
2025-05-14 02:43:42,268 - WARNING -  * Debugger is active!
2025-05-14 02:43:42,271 - INFO -  * Debugger PIN: 798-470-356
2025-05-14 02:43:44,725 - INFO -  * Detected change in 'C:\\Users\\sneha\\AppData\\Local\\Programs\\Python\\Python313\\Lib\\base64.py', reloading
2025-05-14 02:43:44,876 - INFO -  * Detected change in 'C:\\Users\\sneha\\AppData\\Local\\Programs\\Python\\Python313\\Lib\\pickle.py', reloading
2025-05-14 02:43:44,915 - INFO -  * Detected change in 'C:\\Users\\sneha\\AppData\\Local\\Programs\\Python\\Python313\\Lib\\hashlib.py', reloading
2025-05-14 02:43:44,927 - INFO -  * Detected change in 'C:\\Users\\sneha\\AppData\\Local\\Programs\\Python\\Python313\\Lib\\random.py', reloading
2025-05-14 02:43:45,563 - INFO -  * Restarting with watchdog (windowsapi)
2025-05-14 02:43:47,039 - WARNING -  * Debugger is active!
2025-05-14 02:43:47,042 - INFO -  * Debugger PIN: 798-470-356
2025-05-14 02:44:24,026 - INFO -  * Detected change in 'C:\\Amrita\\Project\\Code-Security\\backend\\analyzer\\analyzer.py', reloading
2025-05-14 02:44:24,041 - INFO -  * Detected change in 'C:\\Amrita\\Project\\Code-Security\\backend\\analyzer\\detector.py', reloading
2025-05-14 02:44:24,431 - INFO -  * Restarting with watchdog (windowsapi)
2025-05-14 02:44:25,627 - WARNING -  * Debugger is active!
2025-05-14 02:44:25,629 - INFO -  * Debugger PIN: 798-470-356
2025-05-14 02:44:30,977 - INFO - 127.0.0.1 - - [14/May/2025 02:44:30] "GET /api/encryption-algorithms HTTP/1.1" 200 -
2025-05-14 02:44:31,249 - INFO - 127.0.0.1 - - [14/May/2025 02:44:31] "GET /api/encryption-algorithms HTTP/1.1" 200 -
2025-05-14 02:44:57,435 - INFO - 127.0.0.1 - - [14/May/2025 02:44:57] "POST /api/analyze-file HTTP/1.1" 200 -
2025-05-14 02:46:01,598 - INFO - 127.0.0.1 - - [14/May/2025 02:46:01] "POST /api/analyze-file HTTP/1.1" 200 -
2025-05-14 02:47:07,969 - INFO - 127.0.0.1 - - [14/May/2025 02:47:07] "POST /api/analyze-file HTTP/1.1" 200 -
2025-05-14 08:31:51,925 - INFO - 127.0.0.1 - - [14/May/2025 08:31:51] "GET /api/encryption-algorithms HTTP/1.1" 200 -
2025-05-14 08:31:52,179 - INFO - 127.0.0.1 - - [14/May/2025 08:31:52] "GET /api/encryption-algorithms HTTP/1.1" 200 -
2025-05-14 08:31:53,054 - INFO -  * Detected change in 'C:\\Amrita\\Project\\Code-Security\\backend\\analyzer\\analyzer.py', reloading
2025-05-14 08:31:53,055 - INFO -  * Detected change in 'C:\\Amrita\\Project\\Code-Security\\backend\\analyzer\\encryptor.py', reloading
2025-05-14 08:31:53,062 - INFO -  * Detected change in 'C:\\Users\\sneha\\AppData\\Local\\Programs\\Python\\Python313\\Lib\\site-packages\\flask\\__init__.py', reloading
2025-05-14 08:31:53,066 - INFO -  * Detected change in 'C:\\Users\\sneha\\AppData\\Local\\Programs\\Python\\Python313\\Lib\\site-packages\\flask\\app.py', reloading
2025-05-14 08:31:53,067 - INFO -  * Detected change in 'C:\\Users\\sneha\\AppData\\Local\\Programs\\Python\\Python313\\Lib\\site-packages\\flask\\globals.py', reloading
2025-05-14 08:31:53,069 - INFO -  * Detected change in 'C:\\Users\\sneha\\AppData\\Local\\Programs\\Python\\Python313\\Lib\\site-packages\\flask\\wrappers.py', reloading
2025-05-14 08:31:53,070 - INFO -  * Detected change in 'C:\\Users\\sneha\\AppData\\Local\\Programs\\Python\\Python313\\Lib\\site-packages\\werkzeug\\wrappers\\__init__.py', reloading
2025-05-14 08:31:53,073 - INFO -  * Detected change in 'C:\\Amrita\\Project\\Code-Security\\backend\\analyzer\\detector.py', reloading
2025-05-14 08:31:53,075 - INFO -  * Detected change in 'C:\\Amrita\\Project\\Code-Security\\backend\\analyzer\\scanner.py', reloading
2025-05-14 08:31:53,075 - INFO -  * Detected change in 'C:\\Users\\sneha\\AppData\\Local\\Programs\\Python\\Python313\\Lib\\site-packages\\werkzeug\\wrappers\\request.py', reloading
2025-05-14 08:31:53,076 - INFO -  * Detected change in 'C:\\Users\\sneha\\AppData\\Local\\Programs\\Python\\Python313\\Lib\\site-packages\\werkzeug\\sansio\\request.py', reloading
2025-05-14 08:31:53,078 - INFO -  * Detected change in 'C:\\Users\\sneha\\AppData\\Local\\Programs\\Python\\Python313\\Lib\\site-packages\\flask\\sansio\\app.py', reloading
2025-05-14 08:31:53,079 - INFO -  * Detected change in 'C:\\Users\\sneha\\AppData\\Local\\Programs\\Python\\Python313\\Lib\\site-packages\\flask\\sansio\\scaffold.py', reloading
2025-05-14 08:31:53,080 - INFO -  * Detected change in 'C:\\Users\\sneha\\AppData\\Local\\Programs\\Python\\Python313\\Lib\\site-packages\\watchdog\\observers\\__init__.py', reloading
2025-05-14 08:31:53,081 - INFO -  * Detected change in 'C:\\Users\\sneha\\AppData\\Local\\Programs\\Python\\Python313\\Lib\\site-packages\\watchdog\\events.py', reloading
2025-05-14 08:31:53,084 - INFO -  * Detected change in 'C:\\Users\\sneha\\AppData\\Local\\Programs\\Python\\Python313\\Lib\\os.py', reloading
2025-05-14 08:31:53,093 - INFO -  * Detected change in 'C:\\Users\\sneha\\AppData\\Local\\Programs\\Python\\Python313\\Lib\\site-packages\\watchdog\\utils\\__init__.py', reloading
2025-05-14 08:31:53,094 - INFO -  * Detected change in 'C:\\Users\\sneha\\AppData\\Local\\Programs\\Python\\Python313\\Lib\\site-packages\\watchdog\\observers\\api.py', reloading
2025-05-14 08:31:53,095 - INFO -  * Detected change in 'C:\\Users\\sneha\\AppData\\Local\\Programs\\Python\\Python313\\Lib\\site-packages\\cryptography\\hazmat\\primitives\\__init__.py', reloading
2025-05-14 08:31:53,096 - INFO -  * Detected change in 'C:\\Users\\sneha\\AppData\\Local\\Programs\\Python\\Python313\\Lib\\site-packages\\cryptography\\hazmat\\primitives\\hashes.py', reloading
2025-05-14 08:31:53,104 - INFO -  * Detected change in 'C:\\Users\\sneha\\AppData\\Local\\Programs\\Python\\Python313\\Lib\\site-packages\\flask\\json\\__init__.py', reloading
2025-05-14 08:31:53,105 - INFO -  * Detected change in 'C:\\Users\\sneha\\AppData\\Local\\Programs\\Python\\Python313\\Lib\\site-packages\\flask\\blueprints.py', reloading
2025-05-14 08:31:53,106 - INFO -  * Detected change in 'C:\\Users\\sneha\\AppData\\Local\\Programs\\Python\\Python313\\Lib\\site-packages\\flask\\helpers.py', reloading
2025-05-14 08:31:53,107 - INFO -  * Detected change in 'C:\\Users\\sneha\\AppData\\Local\\Programs\\Python\\Python313\\Lib\\site-packages\\werkzeug\\datastructures\\__init__.py', reloading
2025-05-14 08:31:53,107 - INFO -  * Detected change in 'C:\\Users\\sneha\\AppData\\Local\\Programs\\Python\\Python313\\Lib\\site-packages\\flask\\typing.py', reloading
2025-05-14 08:31:53,109 - INFO -  * Detected change in 'C:\\Users\\sneha\\AppData\\Local\\Programs\\Python\\Python313\\Lib\\site-packages\\werkzeug\\sansio\\response.py', reloading
2025-05-14 08:31:53,109 - INFO -  * Detected change in 'C:\\Users\\sneha\\AppData\\Local\\Programs\\Python\\Python313\\Lib\\site-packages\\werkzeug\\utils.py', reloading
2025-05-14 08:31:53,110 - INFO -  * Detected change in 'C:\\Users\\sneha\\AppData\\Local\\Programs\\Python\\Python313\\Lib\\site-packages\\flask\\sansio\\blueprints.py', reloading
2025-05-14 08:31:53,111 - INFO -  * Detected change in 'C:\\Users\\sneha\\AppData\\Local\\Programs\\Python\\Python313\\Lib\\site-packages\\werkzeug\\wrappers\\response.py', reloading
2025-05-14 08:31:53,112 - INFO -  * Detected change in 'C:\\Users\\sneha\\AppData\\Local\\Programs\\Python\\Python313\\Lib\\site-packages\\werkzeug\\_internal.py', reloading
2025-05-14 08:31:53,113 - INFO -  * Detected change in 'C:\\Users\\sneha\\AppData\\Local\\Programs\\Python\\Python313\\Lib\\site-packages\\werkzeug\\datastructures\\file_storage.py', reloading
2025-05-14 08:31:53,114 - INFO -  * Detected change in 'C:\\Users\\sneha\\AppData\\Local\\Programs\\Python\\Python313\\Lib\\site-packages\\werkzeug\\datastructures\\headers.py', reloading
2025-05-14 08:31:53,115 - INFO -  * Detected change in 'C:\\Users\\sneha\\AppData\\Local\\Programs\\Python\\Python313\\Lib\\site-packages\\werkzeug\\datastructures\\mixins.py', reloading
2025-05-14 08:31:53,116 - INFO -  * Detected change in 'C:\\Users\\sneha\\AppData\\Local\\Programs\\Python\\Python313\\Lib\\site-packages\\werkzeug\\datastructures\\structures.py', reloading
2025-05-14 08:31:53,120 - INFO -  * Detected change in 'C:\\Users\\sneha\\AppData\\Local\\Programs\\Python\\Python313\\Lib\\tempfile.py', reloading
2025-05-14 08:31:53,121 - INFO -  * Detected change in 'C:\\Users\\sneha\\AppData\\Local\\Programs\\Python\\Python313\\Lib\\traceback.py', reloading
2025-05-14 08:31:53,123 - INFO -  * Detected change in 'C:\\Users\\sneha\\AppData\\Local\\Programs\\Python\\Python313\\Lib\\base64.py', reloading
2025-05-14 08:31:53,126 - INFO -  * Detected change in 'C:\\Users\\sneha\\AppData\\Local\\Programs\\Python\\Python313\\Lib\\pickle.py', reloading
2025-05-14 08:31:53,127 - INFO -  * Detected change in 'C:\\Users\\sneha\\AppData\\Local\\Programs\\Python\\Python313\\Lib\\hashlib.py', reloading
2025-05-14 08:31:53,128 - INFO -  * Detected change in 'C:\\Users\\sneha\\AppData\\Local\\Programs\\Python\\Python313\\Lib\\random.py', reloading
2025-05-14 08:31:53,748 - INFO -  * Restarting with watchdog (windowsapi)
2025-05-14 08:31:54,815 - WARNING -  * Debugger is active!
2025-05-14 08:31:54,818 - INFO -  * Debugger PIN: 798-470-356
2025-05-14 08:32:06,844 - INFO - [31m[1mWARNING: This is a development server. Do not use it in a production deployment. Use a production WSGI server instead.[0m
 * Running on http://127.0.0.1:5000
2025-05-14 08:32:06,844 - INFO - [33mPress CTRL+C to quit[0m
2025-05-14 08:32:06,849 - INFO -  * Restarting with watchdog (windowsapi)
2025-05-14 08:32:07,672 - WARNING -  * Debugger is active!
2025-05-14 08:32:07,676 - INFO -  * Debugger PIN: 798-470-356
2025-05-14 08:32:15,864 - INFO - 127.0.0.1 - - [14/May/2025 08:32:15] "GET /api/encryption-algorithms HTTP/1.1" 200 -
2025-05-14 08:32:16,119 - INFO - 127.0.0.1 - - [14/May/2025 08:32:16] "GET /api/encryption-algorithms HTTP/1.1" 200 -
2025-05-14 08:32:30,074 - INFO - 127.0.0.1 - - [14/May/2025 08:32:30] "GET /api/encryption-algorithms HTTP/1.1" 200 -
2025-05-14 08:32:30,389 - INFO - 127.0.0.1 - - [14/May/2025 08:32:30] "GET /api/encryption-algorithms HTTP/1.1" 200 -
2025-05-14 08:32:49,415 - INFO - 127.0.0.1 - - [14/May/2025 08:32:49] "POST /api/analyze-file HTTP/1.1" 200 -
2025-05-14 08:33:04,977 - INFO - 127.0.0.1 - - [14/May/2025 08:33:04] "POST /api/compute-hash HTTP/1.1" 200 -
2025-05-14 08:33:12,796 - INFO - 127.0.0.1 - - [14/May/2025 08:33:12] "POST /api/verify-hash HTTP/1.1" 200 -
2025-05-14 08:33:57,870 - INFO - 127.0.0.1 - - [14/May/2025 08:33:57] "OPTIONS /api/monitor/start HTTP/1.1" 200 -
2025-05-14 08:33:58,128 - INFO - Started monitoring C:\Amrita\Project\Code-Security\backend\monitored_files
2025-05-14 08:33:58,129 - INFO - Monitoring started for C:\Amrita\Project\Code-Security\backend\monitored_files
2025-05-14 08:33:58,129 - INFO - 127.0.0.1 - - [14/May/2025 08:33:58] "POST /api/monitor/start HTTP/1.1" 200 -
2025-05-14 08:33:58,187 - INFO - 127.0.0.1 - - [14/May/2025 08:33:58] "GET /api/encryption-algorithms HTTP/1.1" 200 -
2025-05-14 08:34:01,229 - INFO - 127.0.0.1 - - [14/May/2025 08:34:01] "GET /api/monitor/results HTTP/1.1" 200 -
2025-05-14 08:34:02,913 - INFO - 127.0.0.1 - - [14/May/2025 08:34:02] "GET /api/monitor/results HTTP/1.1" 200 -
2025-05-14 08:34:05,226 - INFO - 127.0.0.1 - - [14/May/2025 08:34:05] "GET /api/monitor/results HTTP/1.1" 200 -
2025-05-14 08:34:06,925 - INFO - 127.0.0.1 - - [14/May/2025 08:34:06] "GET /api/monitor/results HTTP/1.1" 200 -
2025-05-14 08:34:09,230 - INFO - 127.0.0.1 - - [14/May/2025 08:34:09] "GET /api/monitor/results HTTP/1.1" 200 -
2025-05-14 08:34:10,924 - INFO - 127.0.0.1 - - [14/May/2025 08:34:10] "GET /api/monitor/results HTTP/1.1" 200 -
2025-05-14 08:34:13,240 - INFO - 127.0.0.1 - - [14/May/2025 08:34:13] "GET /api/monitor/results HTTP/1.1" 200 -
2025-05-14 08:34:14,925 - INFO - 127.0.0.1 - - [14/May/2025 08:34:14] "GET /api/monitor/results HTTP/1.1" 200 -
2025-05-14 08:34:17,228 - INFO - 127.0.0.1 - - [14/May/2025 08:34:17] "GET /api/monitor/results HTTP/1.1" 200 -
2025-05-14 08:34:18,920 - INFO - 127.0.0.1 - - [14/May/2025 08:34:18] "GET /api/monitor/results HTTP/1.1" 200 -
2025-05-14 08:34:21,226 - INFO - 127.0.0.1 - - [14/May/2025 08:34:21] "GET /api/monitor/results HTTP/1.1" 200 -
2025-05-14 08:34:22,930 - INFO - 127.0.0.1 - - [14/May/2025 08:34:22] "GET /api/monitor/results HTTP/1.1" 200 -
2025-05-14 08:34:25,225 - INFO - 127.0.0.1 - - [14/May/2025 08:34:25] "GET /api/monitor/results HTTP/1.1" 200 -
2025-05-14 08:34:26,931 - INFO - 127.0.0.1 - - [14/May/2025 08:34:26] "GET /api/monitor/results HTTP/1.1" 200 -
2025-05-14 08:34:29,242 - INFO - 127.0.0.1 - - [14/May/2025 08:34:29] "GET /api/monitor/results HTTP/1.1" 200 -
2025-05-14 08:34:30,920 - INFO - 127.0.0.1 - - [14/May/2025 08:34:30] "GET /api/monitor/results HTTP/1.1" 200 -
2025-05-14 08:34:33,238 - INFO - 127.0.0.1 - - [14/May/2025 08:34:33] "GET /api/monitor/results HTTP/1.1" 200 -
2025-05-14 08:34:34,928 - INFO - 127.0.0.1 - - [14/May/2025 08:34:34] "GET /api/monitor/results HTTP/1.1" 200 -
2025-05-14 08:34:35,654 - INFO -  * Detected change in 'C:\\Amrita\\Project\\Code-Security\\backend\\monitored_files\\vulnerable1.py', reloading
2025-05-14 08:34:35,655 - ERROR - Error processing C:\Amrita\Project\Code-Security\backend\monitored_files\vulnerable1.py: 'fixes_applied'
2025-05-14 08:34:35,655 - INFO -  * Detected change in 'C:\\Amrita\\Project\\Code-Security\\backend\\monitored_files\\vulnerable1.py', reloading
2025-05-14 08:34:35,658 - INFO -  * Detected change in 'C:\\Amrita\\Project\\Code-Security\\backend\\monitored_files\\vulnerable1.py', reloading
2025-05-14 08:34:35,659 - INFO -  * Detected change in 'C:\\Amrita\\Project\\Code-Security\\backend\\monitored_files\\vulnerable1.py', reloading
2025-05-14 08:34:35,660 - INFO - MODIFIED event: C:\Amrita\Project\Code-Security\backend\monitored_files\vulnerable1.py - 5 vulnerabilities found
2025-05-14 08:34:35,663 - INFO -  * Detected change in 'C:\\Amrita\\Project\\Code-Security\\backend\\monitored_files\\vulnerable1.py', reloading
2025-05-14 08:34:35,663 - INFO -  * Detected change in 'C:\\Amrita\\Project\\Code-Security\\backend\\monitored_files\\vulnerable1.py', reloading
2025-05-14 08:34:35,664 - INFO - MODIFIED event: C:\Amrita\Project\Code-Security\backend\monitored_files\vulnerable1.py - 3 vulnerabilities found
2025-05-14 08:34:35,667 - INFO -  * Detected change in 'C:\\Amrita\\Project\\Code-Security\\backend\\monitored_files\\vulnerable1.py', reloading
2025-05-14 08:34:35,668 - INFO -  * Detected change in 'C:\\Amrita\\Project\\Code-Security\\backend\\monitored_files\\vulnerable1.py', reloading
2025-05-14 08:34:35,668 - INFO - MODIFIED event: C:\Amrita\Project\Code-Security\backend\monitored_files\vulnerable1.py - 3 vulnerabilities found
2025-05-14 08:34:35,670 - INFO -  * Detected change in 'C:\\Amrita\\Project\\Code-Security\\backend\\monitored_files\\vulnerable1.py', reloading
2025-05-14 08:34:35,672 - INFO - MODIFIED event: C:\Amrita\Project\Code-Security\backend\monitored_files\vulnerable1.py - 3 vulnerabilities found
2025-05-14 08:34:35,676 - INFO -  * Detected change in 'C:\\Amrita\\Project\\Code-Security\\backend\\monitored_files\\vulnerable1.py', reloading
2025-05-14 08:34:35,678 - INFO -  * Detected change in 'C:\\Amrita\\Project\\Code-Security\\backend\\monitored_files\\vulnerable1.py', reloading
2025-05-14 08:34:35,679 - INFO - MODIFIED event: C:\Amrita\Project\Code-Security\backend\monitored_files\vulnerable1.py - 3 vulnerabilities found
2025-05-14 08:34:35,682 - INFO -  * Detected change in 'C:\\Amrita\\Project\\Code-Security\\backend\\monitored_files\\vulnerable1.py', reloading
2025-05-14 08:34:35,683 - INFO -  * Detected change in 'C:\\Amrita\\Project\\Code-Security\\backend\\monitored_files\\vulnerable1.py', reloading
2025-05-14 08:34:35,683 - INFO - MODIFIED event: C:\Amrita\Project\Code-Security\backend\monitored_files\vulnerable1.py - 3 vulnerabilities found
2025-05-14 08:34:35,686 - INFO -  * Detected change in 'C:\\Amrita\\Project\\Code-Security\\backend\\monitored_files\\vulnerable1.py', reloading
2025-05-14 08:34:35,688 - INFO -  * Detected change in 'C:\\Amrita\\Project\\Code-Security\\backend\\monitored_files\\vulnerable1.py', reloading
2025-05-14 08:34:35,689 - INFO - MODIFIED event: C:\Amrita\Project\Code-Security\backend\monitored_files\vulnerable1.py - 3 vulnerabilities found
2025-05-14 08:34:35,692 - INFO -  * Detected change in 'C:\\Amrita\\Project\\Code-Security\\backend\\monitored_files\\vulnerable1.py', reloading
2025-05-14 08:34:35,693 - INFO -  * Detected change in 'C:\\Amrita\\Project\\Code-Security\\backend\\monitored_files\\vulnerable1.py', reloading
2025-05-14 08:34:35,694 - INFO - MODIFIED event: C:\Amrita\Project\Code-Security\backend\monitored_files\vulnerable1.py - 3 vulnerabilities found
2025-05-14 08:34:35,697 - INFO -  * Detected change in 'C:\\Amrita\\Project\\Code-Security\\backend\\monitored_files\\vulnerable1.py', reloading
2025-05-14 08:34:35,698 - INFO -  * Detected change in 'C:\\Amrita\\Project\\Code-Security\\backend\\monitored_files\\vulnerable1.py', reloading
2025-05-14 08:34:35,699 - INFO - MODIFIED event: C:\Amrita\Project\Code-Security\backend\monitored_files\vulnerable1.py - 3 vulnerabilities found
2025-05-14 08:34:35,702 - INFO -  * Detected change in 'C:\\Amrita\\Project\\Code-Security\\backend\\monitored_files\\vulnerable1.py', reloading
2025-05-14 08:34:35,703 - INFO -  * Detected change in 'C:\\Amrita\\Project\\Code-Security\\backend\\monitored_files\\vulnerable1.py', reloading
2025-05-14 08:34:35,704 - INFO -  * Detected change in 'C:\\Amrita\\Project\\Code-Security\\backend\\monitored_files\\vulnerable1.py', reloading
2025-05-14 08:34:35,704 - INFO - MODIFIED event: C:\Amrita\Project\Code-Security\backend\monitored_files\vulnerable1.py - 3 vulnerabilities found
2025-05-14 08:34:35,707 - INFO -  * Detected change in 'C:\\Amrita\\Project\\Code-Security\\backend\\monitored_files\\vulnerable1.py', reloading
2025-05-14 08:34:35,708 - INFO -  * Detected change in 'C:\\Amrita\\Project\\Code-Security\\backend\\monitored_files\\vulnerable1.py', reloading
2025-05-14 08:34:35,708 - INFO - MODIFIED event: C:\Amrita\Project\Code-Security\backend\monitored_files\vulnerable1.py - 3 vulnerabilities found
2025-05-14 08:34:35,711 - INFO -  * Detected change in 'C:\\Amrita\\Project\\Code-Security\\backend\\monitored_files\\vulnerable1.py', reloading
2025-05-14 08:34:35,712 - INFO -  * Detected change in 'C:\\Amrita\\Project\\Code-Security\\backend\\monitored_files\\vulnerable1.py', reloading
2025-05-14 08:34:35,713 - INFO - MODIFIED event: C:\Amrita\Project\Code-Security\backend\monitored_files\vulnerable1.py - 3 vulnerabilities found
2025-05-14 08:34:35,715 - INFO -  * Detected change in 'C:\\Amrita\\Project\\Code-Security\\backend\\monitored_files\\vulnerable1.py', reloading
2025-05-14 08:34:35,716 - INFO -  * Detected change in 'C:\\Amrita\\Project\\Code-Security\\backend\\monitored_files\\vulnerable1.py', reloading
2025-05-14 08:34:35,716 - INFO - MODIFIED event: C:\Amrita\Project\Code-Security\backend\monitored_files\vulnerable1.py - 3 vulnerabilities found
2025-05-14 08:34:35,718 - INFO -  * Detected change in 'C:\\Amrita\\Project\\Code-Security\\backend\\monitored_files\\vulnerable1.py', reloading
2025-05-14 08:34:35,719 - INFO -  * Detected change in 'C:\\Amrita\\Project\\Code-Security\\backend\\monitored_files\\vulnerable1.py', reloading
2025-05-14 08:34:35,720 - INFO - MODIFIED event: C:\Amrita\Project\Code-Security\backend\monitored_files\vulnerable1.py - 3 vulnerabilities found
2025-05-14 08:34:35,723 - INFO -  * Detected change in 'C:\\Amrita\\Project\\Code-Security\\backend\\monitored_files\\vulnerable1.py', reloading
2025-05-14 08:34:35,725 - INFO -  * Detected change in 'C:\\Amrita\\Project\\Code-Security\\backend\\monitored_files\\vulnerable1.py', reloading
2025-05-14 08:34:35,725 - INFO - MODIFIED event: C:\Amrita\Project\Code-Security\backend\monitored_files\vulnerable1.py - 3 vulnerabilities found
2025-05-14 08:34:35,728 - INFO -  * Detected change in 'C:\\Amrita\\Project\\Code-Security\\backend\\monitored_files\\vulnerable1.py', reloading
2025-05-14 08:34:35,730 - INFO -  * Detected change in 'C:\\Amrita\\Project\\Code-Security\\backend\\monitored_files\\vulnerable1.py', reloading
2025-05-14 08:34:35,730 - INFO - MODIFIED event: C:\Amrita\Project\Code-Security\backend\monitored_files\vulnerable1.py - 3 vulnerabilities found
2025-05-14 08:34:35,733 - INFO -  * Detected change in 'C:\\Amrita\\Project\\Code-Security\\backend\\monitored_files\\vulnerable1.py', reloading
2025-05-14 08:34:35,733 - INFO -  * Detected change in 'C:\\Amrita\\Project\\Code-Security\\backend\\monitored_files\\vulnerable1.py', reloading
2025-05-14 08:34:35,734 - INFO -  * Detected change in 'C:\\Amrita\\Project\\Code-Security\\backend\\monitored_files\\vulnerable1.py', reloading
2025-05-14 08:34:35,735 - INFO - MODIFIED event: C:\Amrita\Project\Code-Security\backend\monitored_files\vulnerable1.py - 3 vulnerabilities found
2025-05-14 08:34:35,738 - INFO -  * Detected change in 'C:\\Amrita\\Project\\Code-Security\\backend\\monitored_files\\vulnerable1.py', reloading
2025-05-14 08:34:35,739 - INFO -  * Detected change in 'C:\\Amrita\\Project\\Code-Security\\backend\\monitored_files\\vulnerable1.py', reloading
2025-05-14 08:34:35,739 - INFO -  * Detected change in 'C:\\Amrita\\Project\\Code-Security\\backend\\monitored_files\\vulnerable1.py', reloading
2025-05-14 08:34:35,740 - INFO - MODIFIED event: C:\Amrita\Project\Code-Security\backend\monitored_files\vulnerable1.py - 3 vulnerabilities found
2025-05-14 08:34:35,743 - INFO -  * Detected change in 'C:\\Amrita\\Project\\Code-Security\\backend\\monitored_files\\vulnerable1.py', reloading
2025-05-14 08:34:35,744 - INFO -  * Detected change in 'C:\\Amrita\\Project\\Code-Security\\backend\\monitored_files\\vulnerable1.py', reloading
2025-05-14 08:34:35,745 - INFO - MODIFIED event: C:\Amrita\Project\Code-Security\backend\monitored_files\vulnerable1.py - 3 vulnerabilities found
2025-05-14 08:34:35,748 - INFO -  * Detected change in 'C:\\Amrita\\Project\\Code-Security\\backend\\monitored_files\\vulnerable1.py', reloading
2025-05-14 08:34:35,748 - INFO -  * Detected change in 'C:\\Amrita\\Project\\Code-Security\\backend\\monitored_files\\vulnerable1.py', reloading
2025-05-14 08:34:35,749 - INFO -  * Detected change in 'C:\\Amrita\\Project\\Code-Security\\backend\\monitored_files\\vulnerable1.py', reloading
2025-05-14 08:34:35,750 - INFO - MODIFIED event: C:\Amrita\Project\Code-Security\backend\monitored_files\vulnerable1.py - 3 vulnerabilities found
2025-05-14 08:34:35,754 - INFO -  * Detected change in 'C:\\Amrita\\Project\\Code-Security\\backend\\monitored_files\\vulnerable1.py', reloading
2025-05-14 08:34:35,755 - INFO -  * Detected change in 'C:\\Amrita\\Project\\Code-Security\\backend\\monitored_files\\vulnerable1.py', reloading
2025-05-14 08:34:35,755 - INFO - MODIFIED event: C:\Amrita\Project\Code-Security\backend\monitored_files\vulnerable1.py - 3 vulnerabilities found
2025-05-14 08:34:35,759 - INFO -  * Detected change in 'C:\\Amrita\\Project\\Code-Security\\backend\\monitored_files\\vulnerable1.py', reloading
2025-05-14 08:34:35,760 - INFO -  * Detected change in 'C:\\Amrita\\Project\\Code-Security\\backend\\monitored_files\\vulnerable1.py', reloading
2025-05-14 08:34:35,761 - INFO - MODIFIED event: C:\Amrita\Project\Code-Security\backend\monitored_files\vulnerable1.py - 3 vulnerabilities found
2025-05-14 08:34:35,764 - INFO -  * Detected change in 'C:\\Amrita\\Project\\Code-Security\\backend\\monitored_files\\vulnerable1.py', reloading
2025-05-14 08:34:35,765 - INFO -  * Detected change in 'C:\\Amrita\\Project\\Code-Security\\backend\\monitored_files\\vulnerable1.py', reloading
2025-05-14 08:34:35,766 - INFO - MODIFIED event: C:\Amrita\Project\Code-Security\backend\monitored_files\vulnerable1.py - 3 vulnerabilities found
2025-05-14 08:34:35,769 - INFO -  * Detected change in 'C:\\Amrita\\Project\\Code-Security\\backend\\monitored_files\\vulnerable1.py', reloading
2025-05-14 08:34:35,771 - INFO -  * Detected change in 'C:\\Amrita\\Project\\Code-Security\\backend\\monitored_files\\vulnerable1.py', reloading
2025-05-14 08:34:35,771 - INFO - MODIFIED event: C:\Amrita\Project\Code-Security\backend\monitored_files\vulnerable1.py - 3 vulnerabilities found
2025-05-14 08:34:35,775 - INFO -  * Detected change in 'C:\\Amrita\\Project\\Code-Security\\backend\\monitored_files\\vulnerable1.py', reloading
2025-05-14 08:34:35,776 - INFO -  * Detected change in 'C:\\Amrita\\Project\\Code-Security\\backend\\monitored_files\\vulnerable1.py', reloading
2025-05-14 08:34:35,776 - INFO -  * Detected change in 'C:\\Amrita\\Project\\Code-Security\\backend\\monitored_files\\vulnerable1.py', reloading
2025-05-14 08:34:35,777 - INFO - MODIFIED event: C:\Amrita\Project\Code-Security\backend\monitored_files\vulnerable1.py - 3 vulnerabilities found
2025-05-14 08:34:35,779 - INFO -  * Detected change in 'C:\\Amrita\\Project\\Code-Security\\backend\\monitored_files\\vulnerable1.py', reloading
2025-05-14 08:34:35,781 - INFO -  * Detected change in 'C:\\Amrita\\Project\\Code-Security\\backend\\monitored_files\\vulnerable1.py', reloading
2025-05-14 08:34:35,781 - INFO - MODIFIED event: C:\Amrita\Project\Code-Security\backend\monitored_files\vulnerable1.py - 3 vulnerabilities found
2025-05-14 08:34:35,784 - INFO -  * Detected change in 'C:\\Amrita\\Project\\Code-Security\\backend\\monitored_files\\vulnerable1.py', reloading
2025-05-14 08:34:35,786 - INFO -  * Detected change in 'C:\\Amrita\\Project\\Code-Security\\backend\\monitored_files\\vulnerable1.py', reloading
2025-05-14 08:34:35,787 - INFO - MODIFIED event: C:\Amrita\Project\Code-Security\backend\monitored_files\vulnerable1.py - 3 vulnerabilities found
2025-05-14 08:34:35,790 - INFO -  * Detected change in 'C:\\Amrita\\Project\\Code-Security\\backend\\monitored_files\\vulnerable1.py', reloading
2025-05-14 08:34:35,792 - INFO -  * Detected change in 'C:\\Amrita\\Project\\Code-Security\\backend\\monitored_files\\vulnerable1.py', reloading
2025-05-14 08:34:35,793 - INFO - MODIFIED event: C:\Amrita\Project\Code-Security\backend\monitored_files\vulnerable1.py - 3 vulnerabilities found
2025-05-14 08:34:35,797 - INFO -  * Detected change in 'C:\\Amrita\\Project\\Code-Security\\backend\\monitored_files\\vulnerable1.py', reloading
2025-05-14 08:34:35,798 - INFO -  * Detected change in 'C:\\Amrita\\Project\\Code-Security\\backend\\monitored_files\\vulnerable1.py', reloading
2025-05-14 08:34:35,799 - INFO -  * Detected change in 'C:\\Amrita\\Project\\Code-Security\\backend\\monitored_files\\vulnerable1.py', reloading
2025-05-14 08:34:35,799 - INFO - MODIFIED event: C:\Amrita\Project\Code-Security\backend\monitored_files\vulnerable1.py - 3 vulnerabilities found
2025-05-14 08:34:35,802 - INFO -  * Detected change in 'C:\\Amrita\\Project\\Code-Security\\backend\\monitored_files\\vulnerable1.py', reloading
2025-05-14 08:34:35,804 - INFO -  * Detected change in 'C:\\Amrita\\Project\\Code-Security\\backend\\monitored_files\\vulnerable1.py', reloading
2025-05-14 08:34:35,805 - INFO - MODIFIED event: C:\Amrita\Project\Code-Security\backend\monitored_files\vulnerable1.py - 3 vulnerabilities found
2025-05-14 08:34:35,808 - INFO -  * Detected change in 'C:\\Amrita\\Project\\Code-Security\\backend\\monitored_files\\vulnerable1.py', reloading
2025-05-14 08:34:35,810 - INFO -  * Detected change in 'C:\\Amrita\\Project\\Code-Security\\backend\\monitored_files\\vulnerable1.py', reloading
2025-05-14 08:34:35,810 - INFO - MODIFIED event: C:\Amrita\Project\Code-Security\backend\monitored_files\vulnerable1.py - 3 vulnerabilities found
2025-05-14 08:34:35,814 - INFO -  * Detected change in 'C:\\Amrita\\Project\\Code-Security\\backend\\monitored_files\\vulnerable1.py', reloading
2025-05-14 08:34:35,815 - INFO -  * Detected change in 'C:\\Amrita\\Project\\Code-Security\\backend\\monitored_files\\vulnerable1.py', reloading
2025-05-14 08:34:35,816 - INFO - MODIFIED event: C:\Amrita\Project\Code-Security\backend\monitored_files\vulnerable1.py - 3 vulnerabilities found
2025-05-14 08:34:35,819 - INFO -  * Detected change in 'C:\\Amrita\\Project\\Code-Security\\backend\\monitored_files\\vulnerable1.py', reloading
2025-05-14 08:34:35,820 - INFO -  * Detected change in 'C:\\Amrita\\Project\\Code-Security\\backend\\monitored_files\\vulnerable1.py', reloading
2025-05-14 08:34:35,821 - INFO - MODIFIED event: C:\Amrita\Project\Code-Security\backend\monitored_files\vulnerable1.py - 3 vulnerabilities found
2025-05-14 08:34:35,823 - INFO -  * Detected change in 'C:\\Amrita\\Project\\Code-Security\\backend\\monitored_files\\vulnerable1.py', reloading
2025-05-14 08:34:35,824 - INFO -  * Detected change in 'C:\\Amrita\\Project\\Code-Security\\backend\\monitored_files\\vulnerable1.py', reloading
2025-05-14 08:34:35,825 - INFO - MODIFIED event: C:\Amrita\Project\Code-Security\backend\monitored_files\vulnerable1.py - 3 vulnerabilities found
2025-05-14 08:34:35,828 - INFO -  * Detected change in 'C:\\Amrita\\Project\\Code-Security\\backend\\monitored_files\\vulnerable1.py', reloading
2025-05-14 08:34:35,830 - INFO -  * Detected change in 'C:\\Amrita\\Project\\Code-Security\\backend\\monitored_files\\vulnerable1.py', reloading
2025-05-14 08:34:35,831 - INFO -  * Detected change in 'C:\\Amrita\\Project\\Code-Security\\backend\\monitored_files\\vulnerable1.py', reloading
2025-05-14 08:34:35,831 - INFO - MODIFIED event: C:\Amrita\Project\Code-Security\backend\monitored_files\vulnerable1.py - 3 vulnerabilities found
2025-05-14 08:34:35,834 - INFO -  * Detected change in 'C:\\Amrita\\Project\\Code-Security\\backend\\monitored_files\\vulnerable1.py', reloading
2025-05-14 08:34:35,835 - INFO -  * Detected change in 'C:\\Amrita\\Project\\Code-Security\\backend\\monitored_files\\vulnerable1.py', reloading
2025-05-14 08:34:35,835 - INFO - MODIFIED event: C:\Amrita\Project\Code-Security\backend\monitored_files\vulnerable1.py - 3 vulnerabilities found
2025-05-14 08:34:35,838 - INFO -  * Detected change in 'C:\\Amrita\\Project\\Code-Security\\backend\\monitored_files\\vulnerable1.py', reloading
2025-05-14 08:34:35,839 - INFO -  * Detected change in 'C:\\Amrita\\Project\\Code-Security\\backend\\monitored_files\\vulnerable1.py', reloading
2025-05-14 08:34:35,840 - INFO -  * Detected change in 'C:\\Amrita\\Project\\Code-Security\\backend\\monitored_files\\vulnerable1.py', reloading
2025-05-14 08:34:35,841 - INFO - MODIFIED event: C:\Amrita\Project\Code-Security\backend\monitored_files\vulnerable1.py - 3 vulnerabilities found
2025-05-14 08:34:35,844 - INFO -  * Detected change in 'C:\\Amrita\\Project\\Code-Security\\backend\\monitored_files\\vulnerable1.py', reloading
2025-05-14 08:34:35,845 - INFO -  * Detected change in 'C:\\Amrita\\Project\\Code-Security\\backend\\monitored_files\\vulnerable1.py', reloading
2025-05-14 08:34:35,847 - INFO -  * Detected change in 'C:\\Amrita\\Project\\Code-Security\\backend\\monitored_files\\vulnerable1.py', reloading
2025-05-14 08:34:35,847 - INFO - MODIFIED event: C:\Amrita\Project\Code-Security\backend\monitored_files\vulnerable1.py - 3 vulnerabilities found
2025-05-14 08:34:35,851 - INFO -  * Detected change in 'C:\\Amrita\\Project\\Code-Security\\backend\\monitored_files\\vulnerable1.py', reloading
2025-05-14 08:34:35,852 - INFO -  * Detected change in 'C:\\Amrita\\Project\\Code-Security\\backend\\monitored_files\\vulnerable1.py', reloading
2025-05-14 08:34:35,853 - INFO - MODIFIED event: C:\Amrita\Project\Code-Security\backend\monitored_files\vulnerable1.py - 3 vulnerabilities found
2025-05-14 08:34:35,856 - INFO -  * Detected change in 'C:\\Amrita\\Project\\Code-Security\\backend\\monitored_files\\vulnerable1.py', reloading
2025-05-14 08:34:35,858 - INFO -  * Detected change in 'C:\\Amrita\\Project\\Code-Security\\backend\\monitored_files\\vulnerable1.py', reloading
2025-05-14 08:34:35,859 - INFO - MODIFIED event: C:\Amrita\Project\Code-Security\backend\monitored_files\vulnerable1.py - 3 vulnerabilities found
2025-05-14 08:34:35,862 - INFO -  * Detected change in 'C:\\Amrita\\Project\\Code-Security\\backend\\monitored_files\\vulnerable1.py', reloading
2025-05-14 08:34:35,864 - INFO -  * Detected change in 'C:\\Amrita\\Project\\Code-Security\\backend\\monitored_files\\vulnerable1.py', reloading
2025-05-14 08:34:35,865 - INFO - MODIFIED event: C:\Amrita\Project\Code-Security\backend\monitored_files\vulnerable1.py - 3 vulnerabilities found
2025-05-14 08:34:35,868 - INFO -  * Detected change in 'C:\\Amrita\\Project\\Code-Security\\backend\\monitored_files\\vulnerable1.py', reloading
2025-05-14 08:34:35,870 - INFO -  * Detected change in 'C:\\Amrita\\Project\\Code-Security\\backend\\monitored_files\\vulnerable1.py', reloading
2025-05-14 08:34:35,871 - INFO - MODIFIED event: C:\Amrita\Project\Code-Security\backend\monitored_files\vulnerable1.py - 3 vulnerabilities found
2025-05-14 08:34:35,874 - INFO -  * Detected change in 'C:\\Amrita\\Project\\Code-Security\\backend\\monitored_files\\vulnerable1.py', reloading
2025-05-14 08:34:35,876 - INFO -  * Detected change in 'C:\\Amrita\\Project\\Code-Security\\backend\\monitored_files\\vulnerable1.py', reloading
2025-05-14 08:34:35,877 - INFO - MODIFIED event: C:\Amrita\Project\Code-Security\backend\monitored_files\vulnerable1.py - 3 vulnerabilities found
2025-05-14 08:34:35,880 - INFO -  * Detected change in 'C:\\Amrita\\Project\\Code-Security\\backend\\monitored_files\\vulnerable1.py', reloading
2025-05-14 08:34:35,882 - INFO -  * Detected change in 'C:\\Amrita\\Project\\Code-Security\\backend\\monitored_files\\vulnerable1.py', reloading
2025-05-14 08:34:35,882 - INFO - MODIFIED event: C:\Amrita\Project\Code-Security\backend\monitored_files\vulnerable1.py - 3 vulnerabilities found
2025-05-14 08:34:35,886 - INFO -  * Detected change in 'C:\\Amrita\\Project\\Code-Security\\backend\\monitored_files\\vulnerable1.py', reloading
2025-05-14 08:34:35,887 - INFO -  * Detected change in 'C:\\Amrita\\Project\\Code-Security\\backend\\monitored_files\\vulnerable1.py', reloading
2025-05-14 08:34:35,888 - INFO - MODIFIED event: C:\Amrita\Project\Code-Security\backend\monitored_files\vulnerable1.py - 3 vulnerabilities found
2025-05-14 08:34:35,891 - INFO -  * Detected change in 'C:\\Amrita\\Project\\Code-Security\\backend\\monitored_files\\vulnerable1.py', reloading
2025-05-14 08:34:35,893 - INFO -  * Detected change in 'C:\\Amrita\\Project\\Code-Security\\backend\\monitored_files\\vulnerable1.py', reloading
2025-05-14 08:34:35,894 - INFO - MODIFIED event: C:\Amrita\Project\Code-Security\backend\monitored_files\vulnerable1.py - 3 vulnerabilities found
2025-05-14 08:34:35,897 - INFO -  * Detected change in 'C:\\Amrita\\Project\\Code-Security\\backend\\monitored_files\\vulnerable1.py', reloading
2025-05-14 08:34:35,899 - INFO -  * Detected change in 'C:\\Amrita\\Project\\Code-Security\\backend\\monitored_files\\vulnerable1.py', reloading
2025-05-14 08:34:35,900 - INFO - MODIFIED event: C:\Amrita\Project\Code-Security\backend\monitored_files\vulnerable1.py - 3 vulnerabilities found
2025-05-14 08:34:35,903 - INFO -  * Detected change in 'C:\\Amrita\\Project\\Code-Security\\backend\\monitored_files\\vulnerable1.py', reloading
2025-05-14 08:34:35,905 - INFO -  * Detected change in 'C:\\Amrita\\Project\\Code-Security\\backend\\monitored_files\\vulnerable1.py', reloading
2025-05-14 08:34:35,906 - INFO - MODIFIED event: C:\Amrita\Project\Code-Security\backend\monitored_files\vulnerable1.py - 3 vulnerabilities found
2025-05-14 08:34:35,909 - INFO -  * Detected change in 'C:\\Amrita\\Project\\Code-Security\\backend\\monitored_files\\vulnerable1.py', reloading
2025-05-14 08:34:35,911 - INFO -  * Detected change in 'C:\\Amrita\\Project\\Code-Security\\backend\\monitored_files\\vulnerable1.py', reloading
2025-05-14 08:34:35,912 - INFO - MODIFIED event: C:\Amrita\Project\Code-Security\backend\monitored_files\vulnerable1.py - 3 vulnerabilities found
2025-05-14 08:34:35,915 - INFO -  * Detected change in 'C:\\Amrita\\Project\\Code-Security\\backend\\monitored_files\\vulnerable1.py', reloading
2025-05-14 08:34:35,917 - INFO -  * Detected change in 'C:\\Amrita\\Project\\Code-Security\\backend\\monitored_files\\vulnerable1.py', reloading
2025-05-14 08:34:35,917 - INFO - MODIFIED event: C:\Amrita\Project\Code-Security\backend\monitored_files\vulnerable1.py - 3 vulnerabilities found
2025-05-14 08:34:35,921 - INFO -  * Detected change in 'C:\\Amrita\\Project\\Code-Security\\backend\\monitored_files\\vulnerable1.py', reloading
2025-05-14 08:34:35,922 - INFO -  * Detected change in 'C:\\Amrita\\Project\\Code-Security\\backend\\monitored_files\\vulnerable1.py', reloading
2025-05-14 08:34:35,923 - INFO - MODIFIED event: C:\Amrita\Project\Code-Security\backend\monitored_files\vulnerable1.py - 3 vulnerabilities found
2025-05-14 08:34:35,926 - INFO -  * Detected change in 'C:\\Amrita\\Project\\Code-Security\\backend\\monitored_files\\vulnerable1.py', reloading
2025-05-14 08:34:35,928 - INFO -  * Detected change in 'C:\\Amrita\\Project\\Code-Security\\backend\\monitored_files\\vulnerable1.py', reloading
2025-05-14 08:34:35,929 - INFO - MODIFIED event: C:\Amrita\Project\Code-Security\backend\monitored_files\vulnerable1.py - 3 vulnerabilities found
2025-05-14 08:34:35,932 - INFO -  * Detected change in 'C:\\Amrita\\Project\\Code-Security\\backend\\monitored_files\\vulnerable1.py', reloading
2025-05-14 08:34:35,933 - INFO -  * Detected change in 'C:\\Amrita\\Project\\Code-Security\\backend\\monitored_files\\vulnerable1.py', reloading
2025-05-14 08:34:35,934 - INFO -  * Detected change in 'C:\\Amrita\\Project\\Code-Security\\backend\\monitored_files\\vulnerable1.py', reloading
2025-05-14 08:34:35,935 - INFO - MODIFIED event: C:\Amrita\Project\Code-Security\backend\monitored_files\vulnerable1.py - 3 vulnerabilities found
2025-05-14 08:34:35,938 - INFO -  * Detected change in 'C:\\Amrita\\Project\\Code-Security\\backend\\monitored_files\\vulnerable1.py', reloading
2025-05-14 08:34:35,940 - INFO -  * Detected change in 'C:\\Amrita\\Project\\Code-Security\\backend\\monitored_files\\vulnerable1.py', reloading
2025-05-14 08:34:35,941 - INFO - MODIFIED event: C:\Amrita\Project\Code-Security\backend\monitored_files\vulnerable1.py - 3 vulnerabilities found
2025-05-14 08:34:35,945 - INFO -  * Detected change in 'C:\\Amrita\\Project\\Code-Security\\backend\\monitored_files\\vulnerable1.py', reloading
2025-05-14 08:34:35,946 - INFO -  * Detected change in 'C:\\Amrita\\Project\\Code-Security\\backend\\monitored_files\\vulnerable1.py', reloading
2025-05-14 08:34:35,948 - INFO -  * Detected change in 'C:\\Amrita\\Project\\Code-Security\\backend\\monitored_files\\vulnerable1.py', reloading
2025-05-14 08:34:35,948 - INFO - MODIFIED event: C:\Amrita\Project\Code-Security\backend\monitored_files\vulnerable1.py - 3 vulnerabilities found
2025-05-14 08:34:35,952 - INFO -  * Detected change in 'C:\\Amrita\\Project\\Code-Security\\backend\\monitored_files\\vulnerable1.py', reloading
2025-05-14 08:34:35,953 - INFO -  * Detected change in 'C:\\Amrita\\Project\\Code-Security\\backend\\monitored_files\\vulnerable1.py', reloading
2025-05-14 08:34:35,954 - INFO -  * Detected change in 'C:\\Amrita\\Project\\Code-Security\\backend\\monitored_files\\vulnerable1.py', reloading
2025-05-14 08:34:35,955 - INFO - MODIFIED event: C:\Amrita\Project\Code-Security\backend\monitored_files\vulnerable1.py - 3 vulnerabilities found
2025-05-14 08:34:35,960 - INFO -  * Detected change in 'C:\\Amrita\\Project\\Code-Security\\backend\\monitored_files\\vulnerable1.py', reloading
2025-05-14 08:34:35,962 - INFO -  * Detected change in 'C:\\Amrita\\Project\\Code-Security\\backend\\monitored_files\\vulnerable1.py', reloading
2025-05-14 08:34:35,963 - INFO - MODIFIED event: C:\Amrita\Project\Code-Security\backend\monitored_files\vulnerable1.py - 3 vulnerabilities found
2025-05-14 08:34:35,967 - INFO -  * Detected change in 'C:\\Amrita\\Project\\Code-Security\\backend\\monitored_files\\vulnerable1.py', reloading
2025-05-14 08:34:35,968 - INFO -  * Detected change in 'C:\\Amrita\\Project\\Code-Security\\backend\\monitored_files\\vulnerable1.py', reloading
2025-05-14 08:34:35,970 - INFO -  * Detected change in 'C:\\Amrita\\Project\\Code-Security\\backend\\monitored_files\\vulnerable1.py', reloading
2025-05-14 08:34:35,971 - INFO - MODIFIED event: C:\Amrita\Project\Code-Security\backend\monitored_files\vulnerable1.py - 3 vulnerabilities found
2025-05-14 08:34:35,974 - INFO -  * Detected change in 'C:\\Amrita\\Project\\Code-Security\\backend\\monitored_files\\vulnerable1.py', reloading
2025-05-14 08:34:35,976 - INFO -  * Detected change in 'C:\\Amrita\\Project\\Code-Security\\backend\\monitored_files\\vulnerable1.py', reloading
2025-05-14 08:34:35,977 - INFO - MODIFIED event: C:\Amrita\Project\Code-Security\backend\monitored_files\vulnerable1.py - 3 vulnerabilities found
2025-05-14 08:34:35,982 - INFO - MODIFIED event: C:\Amrita\Project\Code-Security\backend\monitored_files\vulnerable1.py - 3 vulnerabilities found
2025-05-14 08:34:35,987 - INFO - MODIFIED event: C:\Amrita\Project\Code-Security\backend\monitored_files\vulnerable1.py - 3 vulnerabilities found
2025-05-14 08:34:35,992 - INFO - MODIFIED event: C:\Amrita\Project\Code-Security\backend\monitored_files\vulnerable1.py - 3 vulnerabilities found
2025-05-14 08:34:35,998 - INFO - MODIFIED event: C:\Amrita\Project\Code-Security\backend\monitored_files\vulnerable1.py - 3 vulnerabilities found
2025-05-14 08:34:36,003 - INFO - MODIFIED event: C:\Amrita\Project\Code-Security\backend\monitored_files\vulnerable1.py - 3 vulnerabilities found
2025-05-14 08:34:36,009 - INFO - MODIFIED event: C:\Amrita\Project\Code-Security\backend\monitored_files\vulnerable1.py - 3 vulnerabilities found
2025-05-14 08:34:36,013 - INFO - MODIFIED event: C:\Amrita\Project\Code-Security\backend\monitored_files\vulnerable1.py - 3 vulnerabilities found
2025-05-14 08:34:36,017 - INFO - MODIFIED event: C:\Amrita\Project\Code-Security\backend\monitored_files\vulnerable1.py - 3 vulnerabilities found
2025-05-14 08:34:36,332 - INFO -  * Restarting with watchdog (windowsapi)
2025-05-14 08:34:37,412 - WARNING -  * Debugger is active!
2025-05-14 08:34:37,414 - INFO -  * Debugger PIN: 798-470-356
2025-05-14 08:34:37,438 - INFO - 127.0.0.1 - - [14/May/2025 08:34:37] "[35m[1mGET /api/monitor/results HTTP/1.1[0m" 500 -
2025-05-14 08:34:38,927 - INFO - 127.0.0.1 - - [14/May/2025 08:34:38] "[35m[1mGET /api/monitor/results HTTP/1.1[0m" 500 -
2025-05-14 08:34:41,232 - INFO - 127.0.0.1 - - [14/May/2025 08:34:41] "[35m[1mGET /api/monitor/results HTTP/1.1[0m" 500 -
2025-05-14 08:34:42,921 - INFO - 127.0.0.1 - - [14/May/2025 08:34:42] "[35m[1mGET /api/monitor/results HTTP/1.1[0m" 500 -
2025-05-14 08:34:45,234 - INFO - 127.0.0.1 - - [14/May/2025 08:34:45] "[35m[1mGET /api/monitor/results HTTP/1.1[0m" 500 -
2025-05-14 08:34:46,929 - INFO - 127.0.0.1 - - [14/May/2025 08:34:46] "[35m[1mGET /api/monitor/results HTTP/1.1[0m" 500 -
2025-05-14 08:34:49,231 - INFO - 127.0.0.1 - - [14/May/2025 08:34:49] "[35m[1mGET /api/monitor/results HTTP/1.1[0m" 500 -
2025-05-14 08:34:50,916 - INFO - 127.0.0.1 - - [14/May/2025 08:34:50] "[35m[1mGET /api/monitor/results HTTP/1.1[0m" 500 -
2025-05-14 08:34:53,233 - INFO - 127.0.0.1 - - [14/May/2025 08:34:53] "[35m[1mGET /api/monitor/results HTTP/1.1[0m" 500 -
2025-05-14 08:34:54,921 - INFO - 127.0.0.1 - - [14/May/2025 08:34:54] "[35m[1mGET /api/monitor/results HTTP/1.1[0m" 500 -
2025-05-14 08:34:57,247 - INFO - 127.0.0.1 - - [14/May/2025 08:34:57] "[35m[1mGET /api/monitor/results HTTP/1.1[0m" 500 -
2025-05-14 08:34:58,924 - INFO - 127.0.0.1 - - [14/May/2025 08:34:58] "[35m[1mGET /api/monitor/results HTTP/1.1[0m" 500 -
2025-05-14 08:35:23,231 - INFO - 127.0.0.1 - - [14/May/2025 08:35:23] "[35m[1mGET /api/monitor/results HTTP/1.1[0m" 500 -
2025-05-14 08:35:38,352 - INFO -  * Detected change in 'C:\\Users\\sneha\\AppData\\Local\\Programs\\Python\\Python313\\Lib\\typing.py', reloading
2025-05-14 08:35:38,737 - INFO -  * Restarting with watchdog (windowsapi)
2025-05-14 08:35:39,718 - WARNING -  * Debugger is active!
2025-05-14 08:35:39,721 - INFO -  * Debugger PIN: 798-470-356
2025-05-14 08:35:41,267 - INFO - 127.0.0.1 - - [14/May/2025 08:35:41] "[35m[1mGET /api/monitor/results HTTP/1.1[0m" 500 -
2025-05-14 08:35:42,196 - INFO - 127.0.0.1 - - [14/May/2025 08:35:42] "[35m[1mGET /api/monitor/results HTTP/1.1[0m" 500 -
2025-05-14 08:35:44,507 - INFO - 127.0.0.1 - - [14/May/2025 08:35:44] "[35m[1mGET /api/monitor/results HTTP/1.1[0m" 500 -
2025-05-14 08:35:46,585 - INFO - 127.0.0.1 - - [14/May/2025 08:35:46] "[35m[1mGET /api/monitor/results HTTP/1.1[0m" 500 -
2025-05-14 08:35:48,505 - INFO - 127.0.0.1 - - [14/May/2025 08:35:48] "[35m[1mGET /api/monitor/results HTTP/1.1[0m" 500 -
2025-05-14 08:35:50,502 - INFO - 127.0.0.1 - - [14/May/2025 08:35:50] "[35m[1mGET /api/monitor/results HTTP/1.1[0m" 500 -
2025-05-14 08:35:52,194 - INFO - 127.0.0.1 - - [14/May/2025 08:35:52] "[35m[1mGET /api/monitor/results HTTP/1.1[0m" 500 -
2025-05-14 08:35:55,244 - INFO - 127.0.0.1 - - [14/May/2025 08:35:55] "[35m[1mGET /api/monitor/results HTTP/1.1[0m" 500 -
2025-05-14 08:35:56,916 - INFO - 127.0.0.1 - - [14/May/2025 08:35:56] "[35m[1mGET /api/monitor/results HTTP/1.1[0m" 500 -
2025-05-14 08:35:59,228 - INFO - 127.0.0.1 - - [14/May/2025 08:35:59] "[35m[1mGET /api/monitor/results HTTP/1.1[0m" 500 -
2025-05-14 08:36:00,917 - INFO - 127.0.0.1 - - [14/May/2025 08:36:00] "[35m[1mGET /api/monitor/results HTTP/1.1[0m" 500 -
2025-05-14 08:36:03,233 - INFO - 127.0.0.1 - - [14/May/2025 08:36:03] "[35m[1mGET /api/monitor/results HTTP/1.1[0m" 500 -
2025-05-14 08:36:04,914 - INFO - 127.0.0.1 - - [14/May/2025 08:36:04] "[35m[1mGET /api/monitor/results HTTP/1.1[0m" 500 -
2025-05-14 08:36:07,224 - INFO - 127.0.0.1 - - [14/May/2025 08:36:07] "[35m[1mGET /api/monitor/results HTTP/1.1[0m" 500 -
2025-05-14 08:36:10,156 - INFO - [31m[1mWARNING: This is a development server. Do not use it in a production deployment. Use a production WSGI server instead.[0m
 * Running on http://127.0.0.1:5000
2025-05-14 08:36:10,157 - INFO - [33mPress CTRL+C to quit[0m
2025-05-14 08:36:10,164 - INFO -  * Restarting with watchdog (windowsapi)
2025-05-14 08:36:11,071 - WARNING -  * Debugger is active!
2025-05-14 08:36:11,073 - INFO -  * Debugger PIN: 798-470-356
2025-05-14 08:36:11,087 - INFO - 127.0.0.1 - - [14/May/2025 08:36:11] "[35m[1mGET /api/monitor/results HTTP/1.1[0m" 500 -
2025-05-14 08:36:13,220 - INFO - 127.0.0.1 - - [14/May/2025 08:36:13] "[35m[1mGET /api/monitor/results HTTP/1.1[0m" 500 -
2025-05-14 08:36:14,925 - INFO - 127.0.0.1 - - [14/May/2025 08:36:14] "[35m[1mGET /api/monitor/results HTTP/1.1[0m" 500 -
2025-05-14 08:36:17,230 - INFO - 127.0.0.1 - - [14/May/2025 08:36:17] "[35m[1mGET /api/monitor/results HTTP/1.1[0m" 500 -
2025-05-14 08:36:18,755 - INFO - 127.0.0.1 - - [14/May/2025 08:36:18] "[35m[1mGET /api/monitor/results HTTP/1.1[0m" 500 -
2025-05-14 08:36:20,498 - INFO - 127.0.0.1 - - [14/May/2025 08:36:20] "[35m[1mGET /api/monitor/results HTTP/1.1[0m" 500 -
2025-05-14 08:36:22,199 - INFO - 127.0.0.1 - - [14/May/2025 08:36:22] "[35m[1mGET /api/monitor/results HTTP/1.1[0m" 500 -
2025-05-14 08:36:23,468 - INFO - 127.0.0.1 - - [14/May/2025 08:36:23] "GET /api/encryption-algorithms HTTP/1.1" 200 -
2025-05-14 08:36:23,719 - INFO - 127.0.0.1 - - [14/May/2025 08:36:23] "GET /api/encryption-algorithms HTTP/1.1" 200 -
2025-05-14 08:36:29,830 - INFO - 127.0.0.1 - - [14/May/2025 08:36:29] "POST /api/compute-hash HTTP/1.1" 200 -
2025-05-14 08:37:02,518 - INFO - 127.0.0.1 - - [14/May/2025 08:37:02] "POST /api/compute-hash HTTP/1.1" 200 -
2025-05-14 08:39:42,188 - INFO -  * Detected change in 'C:\\Users\\sneha\\AppData\\Local\\Programs\\Python\\Python313\\Lib\\site-packages\\matplotlib\\pyplot.py', reloading
2025-05-14 08:39:42,805 - INFO -  * Restarting with watchdog (windowsapi)
2025-05-14 08:39:44,180 - WARNING -  * Debugger is active!
2025-05-14 08:39:44,188 - INFO -  * Debugger PIN: 798-470-356
2025-05-14 08:44:21,734 - INFO -  * Detected change in 'C:\\Amrita\\Project\\Code-Security\\backend\\analyzer\\encryptor.py', reloading
2025-05-14 08:44:21,736 - INFO -  * Detected change in 'C:\\Amrita\\Project\\Code-Security\\backend\\analyzer\\encryptor.py', reloading
2025-05-14 08:44:22,105 - INFO -  * Restarting with watchdog (windowsapi)
2025-05-14 08:44:23,162 - WARNING -  * Debugger is active!
2025-05-14 08:44:23,164 - INFO -  * Debugger PIN: 798-470-356
2025-05-14 08:45:49,260 - INFO -  * Detected change in 'C:\\Amrita\\Project\\Code-Security\\backend\\app.py', reloading
2025-05-14 08:45:49,261 - INFO -  * Detected change in 'C:\\Amrita\\Project\\Code-Security\\backend\\app.py', reloading
2025-05-14 08:45:49,262 - INFO -  * Detected change in 'C:\\Amrita\\Project\\Code-Security\\backend\\app.py', reloading
2025-05-14 08:45:49,612 - INFO -  * Restarting with watchdog (windowsapi)
2025-05-14 08:45:50,776 - WARNING -  * Debugger is active!
2025-05-14 08:45:50,780 - INFO -  * Debugger PIN: 798-470-356
2025-05-14 08:46:12,235 - INFO - 127.0.0.1 - - [14/May/2025 08:46:12] "GET /api/encryption-algorithms HTTP/1.1" 200 -
2025-05-14 08:46:46,932 - INFO - [31m[1mWARNING: This is a development server. Do not use it in a production deployment. Use a production WSGI server instead.[0m
 * Running on http://127.0.0.1:5000
2025-05-14 08:46:46,932 - INFO - [33mPress CTRL+C to quit[0m
2025-05-14 08:46:46,939 - INFO -  * Restarting with watchdog (windowsapi)
2025-05-14 08:46:47,767 - WARNING -  * Debugger is active!
2025-05-14 08:46:47,769 - INFO -  * Debugger PIN: 798-470-356
2025-05-14 08:46:57,981 - INFO - 127.0.0.1 - - [14/May/2025 08:46:57] "GET /api/encryption-algorithms HTTP/1.1" 200 -
2025-05-14 08:46:58,288 - INFO - 127.0.0.1 - - [14/May/2025 08:46:58] "GET /api/encryption-algorithms HTTP/1.1" 200 -
2025-05-14 08:47:07,547 - INFO - 127.0.0.1 - - [14/May/2025 08:47:07] "[35m[1mPOST /api/analyze-file HTTP/1.1[0m" 500 -
2025-05-14 08:47:19,913 - INFO - [31m[1mWARNING: This is a development server. Do not use it in a production deployment. Use a production WSGI server instead.[0m
 * Running on http://127.0.0.1:5000
2025-05-14 08:47:19,913 - INFO - [33mPress CTRL+C to quit[0m
2025-05-14 08:47:19,917 - INFO -  * Restarting with watchdog (windowsapi)
2025-05-14 08:47:20,918 - WARNING -  * Debugger is active!
2025-05-14 08:47:20,923 - INFO -  * Debugger PIN: 798-470-356
2025-05-14 08:48:06,507 - INFO - [31m[1mWARNING: This is a development server. Do not use it in a production deployment. Use a production WSGI server instead.[0m
 * Running on http://127.0.0.1:5000
2025-05-14 08:48:06,507 - INFO - [33mPress CTRL+C to quit[0m
2025-05-14 08:48:06,511 - INFO -  * Restarting with watchdog (windowsapi)
2025-05-14 08:48:07,605 - WARNING -  * Debugger is active!
2025-05-14 08:48:07,608 - INFO -  * Debugger PIN: 798-470-356
2025-05-14 08:48:13,659 - INFO - 127.0.0.1 - - [14/May/2025 08:48:13] "[35m[1mPOST /api/analyze-file HTTP/1.1[0m" 500 -
2025-05-14 08:48:14,279 - INFO - 127.0.0.1 - - [14/May/2025 08:48:14] "[35m[1mPOST /api/analyze-file HTTP/1.1[0m" 500 -
2025-05-14 08:48:40,180 - INFO - 127.0.0.1 - - [14/May/2025 08:48:40] "GET /api/encryption-algorithms HTTP/1.1" 200 -
2025-05-14 08:48:40,428 - INFO - 127.0.0.1 - - [14/May/2025 08:48:40] "GET /api/encryption-algorithms HTTP/1.1" 200 -
2025-05-14 08:48:45,341 - INFO - 127.0.0.1 - - [14/May/2025 08:48:45] "[35m[1mPOST /api/analyze-file HTTP/1.1[0m" 500 -
